Analysis & Synthesis report for vending_machine
Mon Dec 02 22:27:33 2019
Quartus Prime Version 18.1.0 Build 625 09/12/2018 SJ Lite Edition


---------------------
; Table of Contents ;
---------------------
  1. Legal Notice
  2. Analysis & Synthesis Summary
  3. Analysis & Synthesis Settings
  4. Parallel Compilation
  5. Analysis & Synthesis Source Files Read
  6. Analysis & Synthesis Resource Usage Summary
  7. Analysis & Synthesis Resource Utilization by Entity
  8. State Machine - |vending_machine|state
  9. User-Specified and Inferred Latches
 10. Registers Removed During Synthesis
 11. General Register Statistics
 12. Inverted Register Statistics
 13. Multiplexer Restructuring Statistics (Restructuring Performed)
 14. Parameter Settings for User Entity Instance: Top-level Entity: |vending_machine
 15. Parameter Settings for Inferred Entity Instance: lpm_mult:Mult0
 16. lpm_mult Parameter Settings by Entity Instance
 17. Port Connectivity Checks: "binary2bcd:B2D1"
 18. Post-Synthesis Netlist Statistics for Top Partition
 19. Elapsed Time Per Partition
 20. Analysis & Synthesis Messages



----------------
; Legal Notice ;
----------------
Copyright (C) 2018  Intel Corporation. All rights reserved.
Your use of Intel Corporation's design tools, logic functions 
and other software and tools, and its AMPP partner logic 
functions, and any output files from any of the foregoing 
(including device programming or simulation files), and any 
associated documentation or information are expressly subject 
to the terms and conditions of the Intel Program License 
Subscription Agreement, the Intel Quartus Prime License Agreement,
the Intel FPGA IP License Agreement, or other applicable license
agreement, including, without limitation, that your use is for
the sole purpose of programming logic devices manufactured by
Intel and sold by Intel or its authorized distributors.  Please
refer to the applicable agreement for further details.



+----------------------------------------------------------------------------------+
; Analysis & Synthesis Summary                                                     ;
+------------------------------------+---------------------------------------------+
; Analysis & Synthesis Status        ; Successful - Mon Dec 02 22:27:33 2019       ;
; Quartus Prime Version              ; 18.1.0 Build 625 09/12/2018 SJ Lite Edition ;
; Revision Name                      ; vending_machine                             ;
; Top-level Entity Name              ; vending_machine                             ;
; Family                             ; MAX 10                                      ;
; Total logic elements               ; 233                                         ;
;     Total combinational functions  ; 225                                         ;
;     Dedicated logic registers      ; 34                                          ;
; Total registers                    ; 34                                          ;
; Total pins                         ; 31                                          ;
; Total virtual pins                 ; 0                                           ;
; Total memory bits                  ; 0                                           ;
; Embedded Multiplier 9-bit elements ; 0                                           ;
; Total PLLs                         ; 0                                           ;
; UFM blocks                         ; 0                                           ;
; ADC blocks                         ; 0                                           ;
+------------------------------------+---------------------------------------------+


+------------------------------------------------------------------------------------------------------------+
; Analysis & Synthesis Settings                                                                              ;
+------------------------------------------------------------------+--------------------+--------------------+
; Option                                                           ; Setting            ; Default Value      ;
+------------------------------------------------------------------+--------------------+--------------------+
; Device                                                           ; 10M50DAF484C7G     ;                    ;
; Top-level entity name                                            ; vending_machine    ; vending_machine    ;
; Family name                                                      ; MAX 10             ; Cyclone V          ;
; Use smart compilation                                            ; Off                ; Off                ;
; Enable parallel Assembler and Timing Analyzer during compilation ; On                 ; On                 ;
; Enable compact report table                                      ; Off                ; Off                ;
; Restructure Multiplexers                                         ; Auto               ; Auto               ;
; Create Debugging Nodes for IP Cores                              ; Off                ; Off                ;
; Preserve fewer node names                                        ; On                 ; On                 ;
; Intel FPGA IP Evaluation Mode                                    ; Enable             ; Enable             ;
; Verilog Version                                                  ; Verilog_2001       ; Verilog_2001       ;
; VHDL Version                                                     ; VHDL_1993          ; VHDL_1993          ;
; State Machine Processing                                         ; Auto               ; Auto               ;
; Safe State Machine                                               ; Off                ; Off                ;
; Extract Verilog State Machines                                   ; On                 ; On                 ;
; Extract VHDL State Machines                                      ; On                 ; On                 ;
; Ignore Verilog initial constructs                                ; Off                ; Off                ;
; Iteration limit for constant Verilog loops                       ; 5000               ; 5000               ;
; Iteration limit for non-constant Verilog loops                   ; 250                ; 250                ;
; Add Pass-Through Logic to Inferred RAMs                          ; On                 ; On                 ;
; Infer RAMs from Raw Logic                                        ; On                 ; On                 ;
; Parallel Synthesis                                               ; On                 ; On                 ;
; DSP Block Balancing                                              ; Auto               ; Auto               ;
; NOT Gate Push-Back                                               ; On                 ; On                 ;
; Power-Up Don't Care                                              ; On                 ; On                 ;
; Remove Redundant Logic Cells                                     ; Off                ; Off                ;
; Remove Duplicate Registers                                       ; On                 ; On                 ;
; Ignore CARRY Buffers                                             ; Off                ; Off                ;
; Ignore CASCADE Buffers                                           ; Off                ; Off                ;
; Ignore GLOBAL Buffers                                            ; Off                ; Off                ;
; Ignore ROW GLOBAL Buffers                                        ; Off                ; Off                ;
; Ignore LCELL Buffers                                             ; Off                ; Off                ;
; Ignore SOFT Buffers                                              ; On                 ; On                 ;
; Limit AHDL Integers to 32 Bits                                   ; Off                ; Off                ;
; Optimization Technique                                           ; Balanced           ; Balanced           ;
; Carry Chain Length                                               ; 70                 ; 70                 ;
; Auto Carry Chains                                                ; On                 ; On                 ;
; Auto Open-Drain Pins                                             ; On                 ; On                 ;
; Perform WYSIWYG Primitive Resynthesis                            ; Off                ; Off                ;
; Auto ROM Replacement                                             ; On                 ; On                 ;
; Auto RAM Replacement                                             ; On                 ; On                 ;
; Auto DSP Block Replacement                                       ; On                 ; On                 ;
; Auto Shift Register Replacement                                  ; Auto               ; Auto               ;
; Allow Shift Register Merging across Hierarchies                  ; Auto               ; Auto               ;
; Auto Clock Enable Replacement                                    ; On                 ; On                 ;
; Strict RAM Replacement                                           ; Off                ; Off                ;
; Allow Synchronous Control Signals                                ; On                 ; On                 ;
; Force Use of Synchronous Clear Signals                           ; Off                ; Off                ;
; Auto RAM Block Balancing                                         ; On                 ; On                 ;
; Auto RAM to Logic Cell Conversion                                ; Off                ; Off                ;
; Auto Resource Sharing                                            ; Off                ; Off                ;
; Allow Any RAM Size For Recognition                               ; Off                ; Off                ;
; Allow Any ROM Size For Recognition                               ; Off                ; Off                ;
; Allow Any Shift Register Size For Recognition                    ; Off                ; Off                ;
; Use LogicLock Constraints during Resource Balancing              ; On                 ; On                 ;
; Ignore translate_off and synthesis_off directives                ; Off                ; Off                ;
; Timing-Driven Synthesis                                          ; On                 ; On                 ;
; Report Parameter Settings                                        ; On                 ; On                 ;
; Report Source Assignments                                        ; On                 ; On                 ;
; Report Connectivity Checks                                       ; On                 ; On                 ;
; Ignore Maximum Fan-Out Assignments                               ; Off                ; Off                ;
; Synchronization Register Chain Length                            ; 2                  ; 2                  ;
; Power Optimization During Synthesis                              ; Normal compilation ; Normal compilation ;
; HDL message level                                                ; Level2             ; Level2             ;
; Suppress Register Optimization Related Messages                  ; Off                ; Off                ;
; Number of Removed Registers Reported in Synthesis Report         ; 5000               ; 5000               ;
; Number of Swept Nodes Reported in Synthesis Report               ; 5000               ; 5000               ;
; Number of Inverted Registers Reported in Synthesis Report        ; 100                ; 100                ;
; Clock MUX Protection                                             ; On                 ; On                 ;
; Auto Gated Clock Conversion                                      ; Off                ; Off                ;
; Block Design Naming                                              ; Auto               ; Auto               ;
; SDC constraint protection                                        ; Off                ; Off                ;
; Synthesis Effort                                                 ; Auto               ; Auto               ;
; Shift Register Replacement - Allow Asynchronous Clear Signal     ; On                 ; On                 ;
; Pre-Mapping Resynthesis Optimization                             ; Off                ; Off                ;
; Analysis & Synthesis Message Level                               ; Medium             ; Medium             ;
; Disable Register Merging Across Hierarchies                      ; Auto               ; Auto               ;
; Resource Aware Inference For Block RAM                           ; On                 ; On                 ;
+------------------------------------------------------------------+--------------------+--------------------+


+------------------------------------------+
; Parallel Compilation                     ;
+----------------------------+-------------+
; Processors                 ; Number      ;
+----------------------------+-------------+
; Number detected on machine ; 4           ;
; Maximum allowed            ; 2           ;
;                            ;             ;
; Average used               ; 1.00        ;
; Maximum used               ; 2           ;
;                            ;             ;
; Usage by Processor         ; % Time Used ;
;     Processor 1            ; 100.0%      ;
;     Processor 2            ;   0.0%      ;
+----------------------------+-------------+


+------------------------------------------------------------------------------------------------------------------------------------------------------------------------+
; Analysis & Synthesis Source Files Read                                                                                                                                 ;
+----------------------------------+-----------------+------------------------------+--------------------------------------------------------------------------+---------+
; File Name with User-Entered Path ; Used in Netlist ; File Type                    ; File Name with Absolute Path                                             ; Library ;
+----------------------------------+-----------------+------------------------------+--------------------------------------------------------------------------+---------+
; vending_machine.v                ; yes             ; User Verilog HDL File        ; C:/Users/Psichico/Desktop/Vending_Machine_FPGA/Quartus/vending_machine.v ;         ;
; seven_segment.v                  ; yes             ; User Verilog HDL File        ; C:/Users/Psichico/Desktop/Vending_Machine_FPGA/Quartus/seven_segment.v   ;         ;
; binary2bcd.v                     ; yes             ; User Verilog HDL File        ; C:/Users/Psichico/Desktop/Vending_Machine_FPGA/Quartus/binary2bcd.v      ;         ;
; debounce.v                       ; yes             ; User Verilog HDL File        ; C:/Users/Psichico/Desktop/Vending_Machine_FPGA/Quartus/debounce.v        ;         ;
; debounce4bit.v                   ; yes             ; User Verilog HDL File        ; C:/Users/Psichico/Desktop/Vending_Machine_FPGA/Quartus/debounce4bit.v    ;         ;
; counter.v                        ; yes             ; User Verilog HDL File        ; C:/Users/Psichico/Desktop/Vending_Machine_FPGA/Quartus/counter.v         ;         ;
; keypad.v                         ; yes             ; User Verilog HDL File        ; C:/Users/Psichico/Desktop/Vending_Machine_FPGA/Quartus/keypad.v          ;         ;
; lpm_mult.tdf                     ; yes             ; Megafunction                 ; c:/intelfpga_lite/18.1/quartus/libraries/megafunctions/lpm_mult.tdf      ;         ;
; aglobal181.inc                   ; yes             ; Megafunction                 ; c:/intelfpga_lite/18.1/quartus/libraries/megafunctions/aglobal181.inc    ;         ;
; lpm_add_sub.inc                  ; yes             ; Megafunction                 ; c:/intelfpga_lite/18.1/quartus/libraries/megafunctions/lpm_add_sub.inc   ;         ;
; multcore.inc                     ; yes             ; Megafunction                 ; c:/intelfpga_lite/18.1/quartus/libraries/megafunctions/multcore.inc      ;         ;
; bypassff.inc                     ; yes             ; Megafunction                 ; c:/intelfpga_lite/18.1/quartus/libraries/megafunctions/bypassff.inc      ;         ;
; altshift.inc                     ; yes             ; Megafunction                 ; c:/intelfpga_lite/18.1/quartus/libraries/megafunctions/altshift.inc      ;         ;
; db/mult_oks.tdf                  ; yes             ; Auto-Generated Megafunction  ; C:/Users/Psichico/Desktop/Vending_Machine_FPGA/Quartus/db/mult_oks.tdf   ;         ;
+----------------------------------+-----------------+------------------------------+--------------------------------------------------------------------------+---------+


+---------------------------------------------------------+
; Analysis & Synthesis Resource Usage Summary             ;
+---------------------------------------------+-----------+
; Resource                                    ; Usage     ;
+---------------------------------------------+-----------+
; Estimated Total logic elements              ; 233       ;
;                                             ;           ;
; Total combinational functions               ; 225       ;
; Logic element usage by number of LUT inputs ;           ;
;     -- 4 input functions                    ; 68        ;
;     -- 3 input functions                    ; 111       ;
;     -- <=2 input functions                  ; 46        ;
;                                             ;           ;
; Logic elements by mode                      ;           ;
;     -- normal mode                          ; 189       ;
;     -- arithmetic mode                      ; 36        ;
;                                             ;           ;
; Total registers                             ; 34        ;
;     -- Dedicated logic registers            ; 34        ;
;     -- I/O registers                        ; 0         ;
;                                             ;           ;
; I/O pins                                    ; 31        ;
;                                             ;           ;
; Embedded Multiplier 9-bit elements          ; 0         ;
;                                             ;           ;
; Maximum fan-out node                        ; clk~input ;
; Maximum fan-out                             ; 34        ;
; Total fan-out                               ; 842       ;
; Average fan-out                             ; 2.62      ;
+---------------------------------------------+-----------+


+---------------------------------------------------------------------------------------------------------------------------------------------------------------------------------------------------------------------------------------------------------------------------------+
; Analysis & Synthesis Resource Utilization by Entity                                                                                                                                                                                                                             ;
+---------------------------------+---------------------+---------------------------+-------------+------------+--------------+---------+-----------+------+--------------+------------+---------------------------------------------------------+-----------------+--------------+
; Compilation Hierarchy Node      ; Combinational ALUTs ; Dedicated Logic Registers ; Memory Bits ; UFM Blocks ; DSP Elements ; DSP 9x9 ; DSP 18x18 ; Pins ; Virtual Pins ; ADC blocks ; Full Hierarchy Name                                     ; Entity Name     ; Library Name ;
+---------------------------------+---------------------+---------------------------+-------------+------------+--------------+---------+-----------+------+--------------+------------+---------------------------------------------------------+-----------------+--------------+
; |vending_machine                ; 225 (152)           ; 34 (7)                    ; 0           ; 0          ; 0            ; 0       ; 0         ; 31   ; 0            ; 0          ; |vending_machine                                        ; vending_machine ; work         ;
;    |binary2bcd:B2D1|            ; 1 (1)               ; 0 (0)                     ; 0           ; 0          ; 0            ; 0       ; 0         ; 0    ; 0            ; 0          ; |vending_machine|binary2bcd:B2D1                        ; binary2bcd      ; work         ;
;    |counter:sum|                ; 8 (8)               ; 8 (8)                     ; 0           ; 0          ; 0            ; 0       ; 0         ; 0    ; 0            ; 0          ; |vending_machine|counter:sum                            ; counter         ; work         ;
;    |debounce4bit:bits|          ; 3 (0)               ; 6 (0)                     ; 0           ; 0          ; 0            ; 0       ; 0         ; 0    ; 0            ; 0          ; |vending_machine|debounce4bit:bits                      ; debounce4bit    ; work         ;
;       |debounce:bit0|           ; 1 (1)               ; 2 (2)                     ; 0           ; 0          ; 0            ; 0       ; 0         ; 0    ; 0            ; 0          ; |vending_machine|debounce4bit:bits|debounce:bit0        ; debounce        ; work         ;
;       |debounce:bit1|           ; 1 (1)               ; 2 (2)                     ; 0           ; 0          ; 0            ; 0       ; 0         ; 0    ; 0            ; 0          ; |vending_machine|debounce4bit:bits|debounce:bit1        ; debounce        ; work         ;
;       |debounce:bit2|           ; 1 (1)               ; 2 (2)                     ; 0           ; 0          ; 0            ; 0       ; 0         ; 0    ; 0            ; 0          ; |vending_machine|debounce4bit:bits|debounce:bit2        ; debounce        ; work         ;
;    |keypad:key|                 ; 20 (20)             ; 13 (13)                   ; 0           ; 0          ; 0            ; 0       ; 0         ; 0    ; 0            ; 0          ; |vending_machine|keypad:key                             ; keypad          ; work         ;
;    |lpm_mult:Mult0|             ; 34 (0)              ; 0 (0)                     ; 0           ; 0          ; 0            ; 0       ; 0         ; 0    ; 0            ; 0          ; |vending_machine|lpm_mult:Mult0                         ; lpm_mult        ; work         ;
;       |mult_oks:auto_generated| ; 34 (34)             ; 0 (0)                     ; 0           ; 0          ; 0            ; 0       ; 0         ; 0    ; 0            ; 0          ; |vending_machine|lpm_mult:Mult0|mult_oks:auto_generated ; mult_oks        ; work         ;
;    |seven_segment:segment0|     ; 7 (7)               ; 0 (0)                     ; 0           ; 0          ; 0            ; 0       ; 0         ; 0    ; 0            ; 0          ; |vending_machine|seven_segment:segment0                 ; seven_segment   ; work         ;
+---------------------------------+---------------------+---------------------------+-------------+------------+--------------+---------+-----------+------+--------------+------------+---------------------------------------------------------+-----------------+--------------+
Note: For table entries with two numbers listed, the numbers in parentheses indicate the number of resources of the given type used by the specific entity alone. The numbers listed outside of parentheses indicate the total resources of the given type used by the specific entity and all of its sub-entities in the hierarchy.


Encoding Type:  One-Hot
+---------------------------------------------------------------------------------------+
; State Machine - |vending_machine|state                                                ;
+----------+----------+----------+----------+----------+----------+----------+----------+
; Name     ; state.s6 ; state.s5 ; state.s4 ; state.s3 ; state.s2 ; state.s1 ; state.s0 ;
+----------+----------+----------+----------+----------+----------+----------+----------+
; state.s0 ; 0        ; 0        ; 0        ; 0        ; 0        ; 0        ; 0        ;
; state.s1 ; 0        ; 0        ; 0        ; 0        ; 0        ; 1        ; 1        ;
; state.s2 ; 0        ; 0        ; 0        ; 0        ; 1        ; 0        ; 1        ;
; state.s3 ; 0        ; 0        ; 0        ; 1        ; 0        ; 0        ; 1        ;
; state.s4 ; 0        ; 0        ; 1        ; 0        ; 0        ; 0        ; 1        ;
; state.s5 ; 0        ; 1        ; 0        ; 0        ; 0        ; 0        ; 1        ;
; state.s6 ; 1        ; 0        ; 0        ; 0        ; 0        ; 0        ; 1        ;
+----------+----------+----------+----------+----------+----------+----------+----------+


+-----------------------------------------------------------------------------------------------------+
; User-Specified and Inferred Latches                                                                 ;
+-----------------------------------------------------+----------------------+------------------------+
; Latch Name                                          ; Latch Enable Signal  ; Free of Timing Hazards ;
+-----------------------------------------------------+----------------------+------------------------+
; view_price[3]                                       ; Selector31           ; yes                    ;
; view_price[2]                                       ; Selector31           ; yes                    ;
; view_price[1]                                       ; Selector31           ; yes                    ;
; view_price[0]                                       ; Selector31           ; yes                    ;
; nstate.s1_1524                                      ; Selector11           ; yes                    ;
; nstate.s0_1551                                      ; Selector11           ; yes                    ;
; view_price_q[0]                                     ; Selector13           ; yes                    ;
; entered_amount_5[0]                                 ; entered_amount_5[1]  ; yes                    ;
; view_price_q[1]                                     ; Selector13           ; yes                    ;
; entered_amount_10[1]                                ; entered_amount_10[7] ; yes                    ;
; entered_amount_2[1]                                 ; entered_amount_2[0]  ; yes                    ;
; entered_amount_5[1]                                 ; entered_amount_5[1]  ; yes                    ;
; view_price_q[2]                                     ; Selector13           ; yes                    ;
; entered_amount_10[2]                                ; entered_amount_10[7] ; yes                    ;
; entered_amount_2[2]                                 ; entered_amount_2[0]  ; yes                    ;
; entered_amount_5[2]                                 ; entered_amount_5[1]  ; yes                    ;
; view_price_q[3]                                     ; Selector13           ; yes                    ;
; entered_amount_10[3]                                ; entered_amount_10[7] ; yes                    ;
; entered_amount_2[3]                                 ; entered_amount_2[0]  ; yes                    ;
; entered_amount_5[3]                                 ; entered_amount_5[1]  ; yes                    ;
; view_price_q[4]                                     ; Selector13           ; yes                    ;
; entered_amount_10[4]                                ; entered_amount_10[7] ; yes                    ;
; entered_amount_2[4]                                 ; entered_amount_2[0]  ; yes                    ;
; entered_amount_5[4]                                 ; entered_amount_5[1]  ; yes                    ;
; view_price_q[5]                                     ; Selector13           ; yes                    ;
; entered_amount_10[5]                                ; entered_amount_10[7] ; yes                    ;
; entered_amount_2[5]                                 ; entered_amount_2[0]  ; yes                    ;
; entered_amount_5[5]                                 ; entered_amount_5[1]  ; yes                    ;
; view_price_q[6]                                     ; Selector13           ; yes                    ;
; entered_amount_10[6]                                ; entered_amount_10[7] ; yes                    ;
; entered_amount_2[6]                                 ; entered_amount_2[0]  ; yes                    ;
; entered_amount_5[6]                                 ; entered_amount_5[1]  ; yes                    ;
; view_price_q[7]                                     ; Selector13           ; yes                    ;
; entered_amount_10[7]                                ; entered_amount_10[7] ; yes                    ;
; entered_amount_2[7]                                 ; entered_amount_2[0]  ; yes                    ;
; entered_amount_5[7]                                 ; entered_amount_5[1]  ; yes                    ;
; nstate.s5_1416                                      ; Selector11           ; yes                    ;
; nstate.s4_1443                                      ; Selector11           ; yes                    ;
; nstate.s3_1470                                      ; Selector11           ; yes                    ;
; nstate.s2_1497                                      ; Selector11           ; yes                    ;
; nstate.s6_1389                                      ; Selector11           ; yes                    ;
; view_quantity[0]                                    ; Selector22           ; yes                    ;
; view_quantity[1]                                    ; Selector22           ; yes                    ;
; view_quantity[2]                                    ; Selector22           ; yes                    ;
; view_quantity[3]                                    ; Selector22           ; yes                    ;
; view_quantity[4]                                    ; Selector22           ; yes                    ;
; view_quantity[5]                                    ; Selector22           ; yes                    ;
; view_quantity[6]                                    ; Selector22           ; yes                    ;
; view_quantity[7]                                    ; Selector22           ; yes                    ;
; Number of user-specified and inferred latches = 49  ;                      ;                        ;
+-----------------------------------------------------+----------------------+------------------------+
Note: All latches listed above may not be present at the end of synthesis due to various synthesis optimizations.


+--------------------------------------------------------------------------------+
; Registers Removed During Synthesis                                             ;
+---------------------------------------+----------------------------------------+
; Register name                         ; Reason for Removal                     ;
+---------------------------------------+----------------------------------------+
; debounce4bit:bits|debounce:bit3|dff1  ; Stuck at GND due to stuck port data_in ;
; debounce4bit:bits|debounce:bit3|dff2  ; Stuck at GND due to stuck port data_in ;
; state~4                               ; Lost fanout                            ;
; state~5                               ; Lost fanout                            ;
; state~6                               ; Lost fanout                            ;
; Total Number of Removed Registers = 5 ;                                        ;
+---------------------------------------+----------------------------------------+


+------------------------------------------------------+
; General Register Statistics                          ;
+----------------------------------------------+-------+
; Statistic                                    ; Value ;
+----------------------------------------------+-------+
; Total registers                              ; 34    ;
; Number of registers using Synchronous Clear  ; 0     ;
; Number of registers using Synchronous Load   ; 0     ;
; Number of registers using Asynchronous Clear ; 22    ;
; Number of registers using Asynchronous Load  ; 0     ;
; Number of registers using Clock Enable       ; 12    ;
; Number of registers using Preset             ; 0     ;
+----------------------------------------------+-------+


+---------------------------------------------------+
; Inverted Register Statistics                      ;
+-----------------------------------------+---------+
; Inverted Register                       ; Fan out ;
+-----------------------------------------+---------+
; keypad:key|shift_col[1]                 ; 3       ;
; keypad:key|shift_col[2]                 ; 3       ;
; keypad:key|shift_col[3]                 ; 3       ;
; keypad:key|row_reg[2]                   ; 10      ;
; keypad:key|row_reg[1]                   ; 11      ;
; keypad:key|row_reg[0]                   ; 17      ;
; keypad:key|row_reg[3]                   ; 10      ;
; keypad:key|col_reg[0]                   ; 8       ;
; keypad:key|col_reg[1]                   ; 8       ;
; keypad:key|col_reg[3]                   ; 3       ;
; keypad:key|col_reg[2]                   ; 17      ;
; Total number of inverted registers = 11 ;         ;
+-----------------------------------------+---------+


+----------------------------------------------------------------------------------------------------------------------------------------------+
; Multiplexer Restructuring Statistics (Restructuring Performed)                                                                               ;
+--------------------+-----------+---------------+----------------------+------------------------+------------+--------------------------------+
; Multiplexer Inputs ; Bus Width ; Baseline Area ; Area if Restructured ; Saving if Restructured ; Registered ; Example Multiplexer Output     ;
+--------------------+-----------+---------------+----------------------+------------------------+------------+--------------------------------+
; 4:1                ; 2 bits    ; 4 LEs         ; 4 LEs                ; 0 LEs                  ; No         ; |vending_machine|view_price[1] ;
+--------------------+-----------+---------------+----------------------+------------------------+------------+--------------------------------+


+---------------------------------------------------------------------------------+
; Parameter Settings for User Entity Instance: Top-level Entity: |vending_machine ;
+----------------+-------+--------------------------------------------------------+
; Parameter Name ; Value ; Type                                                   ;
+----------------+-------+--------------------------------------------------------+
; s0             ; 000   ; Unsigned Binary                                        ;
; s1             ; 001   ; Unsigned Binary                                        ;
; s2             ; 010   ; Unsigned Binary                                        ;
; s3             ; 011   ; Unsigned Binary                                        ;
; s4             ; 100   ; Unsigned Binary                                        ;
; s5             ; 101   ; Unsigned Binary                                        ;
; s6             ; 110   ; Unsigned Binary                                        ;
+----------------+-------+--------------------------------------------------------+
Note: In order to hide this table in the UI and the text report file, please set the "Show Parameter Settings in Synthesis Report" option in "Analysis and Synthesis Settings -> More Settings" to "Off".


+---------------------------------------------------------------------------------+
; Parameter Settings for Inferred Entity Instance: lpm_mult:Mult0                 ;
+------------------------------------------------+----------+---------------------+
; Parameter Name                                 ; Value    ; Type                ;
+------------------------------------------------+----------+---------------------+
; AUTO_CARRY_CHAINS                              ; ON       ; AUTO_CARRY          ;
; IGNORE_CARRY_BUFFERS                           ; OFF      ; IGNORE_CARRY        ;
; AUTO_CASCADE_CHAINS                            ; ON       ; AUTO_CASCADE        ;
; IGNORE_CASCADE_BUFFERS                         ; OFF      ; IGNORE_CASCADE      ;
; LPM_WIDTHA                                     ; 8        ; Untyped             ;
; LPM_WIDTHB                                     ; 4        ; Untyped             ;
; LPM_WIDTHP                                     ; 12       ; Untyped             ;
; LPM_WIDTHR                                     ; 12       ; Untyped             ;
; LPM_WIDTHS                                     ; 1        ; Untyped             ;
; LPM_REPRESENTATION                             ; UNSIGNED ; Untyped             ;
; LPM_PIPELINE                                   ; 0        ; Untyped             ;
; LATENCY                                        ; 0        ; Untyped             ;
; INPUT_A_IS_CONSTANT                            ; NO       ; Untyped             ;
; INPUT_B_IS_CONSTANT                            ; NO       ; Untyped             ;
; USE_EAB                                        ; OFF      ; Untyped             ;
; MAXIMIZE_SPEED                                 ; 5        ; Untyped             ;
; DEVICE_FAMILY                                  ; MAX 10   ; Untyped             ;
; CARRY_CHAIN                                    ; MANUAL   ; Untyped             ;
; APEX20K_TECHNOLOGY_MAPPER                      ; LUT      ; TECH_MAPPER_APEX20K ;
; DEDICATED_MULTIPLIER_CIRCUITRY                 ; AUTO     ; Untyped             ;
; DEDICATED_MULTIPLIER_MIN_INPUT_WIDTH_FOR_AUTO  ; 0        ; Untyped             ;
; DEDICATED_MULTIPLIER_MIN_OUTPUT_WIDTH_FOR_AUTO ; 0        ; Untyped             ;
; CBXI_PARAMETER                                 ; mult_oks ; Untyped             ;
; INPUT_A_FIXED_VALUE                            ; Bx       ; Untyped             ;
; INPUT_B_FIXED_VALUE                            ; Bx       ; Untyped             ;
; USE_AHDL_IMPLEMENTATION                        ; OFF      ; Untyped             ;
+------------------------------------------------+----------+---------------------+
Note: In order to hide this table in the UI and the text report file, please set the "Show Parameter Settings in Synthesis Report" option in "Analysis and Synthesis Settings -> More Settings" to "Off".


+--------------------------------------------------------+
; lpm_mult Parameter Settings by Entity Instance         ;
+---------------------------------------+----------------+
; Name                                  ; Value          ;
+---------------------------------------+----------------+
; Number of entity instances            ; 1              ;
; Entity Instance                       ; lpm_mult:Mult0 ;
;     -- LPM_WIDTHA                     ; 8              ;
;     -- LPM_WIDTHB                     ; 4              ;
;     -- LPM_WIDTHP                     ; 12             ;
;     -- LPM_REPRESENTATION             ; UNSIGNED       ;
;     -- INPUT_A_IS_CONSTANT            ; NO             ;
;     -- INPUT_B_IS_CONSTANT            ; NO             ;
;     -- USE_EAB                        ; OFF            ;
;     -- DEDICATED_MULTIPLIER_CIRCUITRY ; AUTO           ;
;     -- INPUT_A_FIXED_VALUE            ; Bx             ;
;     -- INPUT_B_FIXED_VALUE            ; Bx             ;
+---------------------------------------+----------------+


+------------------------------------------------------------------------------------------------------------------------+
; Port Connectivity Checks: "binary2bcd:B2D1"                                                                            ;
+--------------+--------+----------+-------------------------------------------------------------------------------------+
; Port         ; Type   ; Severity ; Details                                                                             ;
+--------------+--------+----------+-------------------------------------------------------------------------------------+
; binary[7..4] ; Input  ; Info     ; Stuck at GND                                                                        ;
; h            ; Output ; Info     ; Connected to dangling logic. Logic that only feeds a dangling port will be removed. ;
+--------------+--------+----------+-------------------------------------------------------------------------------------+


+-----------------------------------------------------+
; Post-Synthesis Netlist Statistics for Top Partition ;
+-----------------------+-----------------------------+
; Type                  ; Count                       ;
+-----------------------+-----------------------------+
; boundary_port         ; 31                          ;
; cycloneiii_ff         ; 34                          ;
;     CLR               ; 22                          ;
;     ENA               ; 12                          ;
; cycloneiii_lcell_comb ; 231                         ;
;     arith             ; 36                          ;
;         2 data inputs ; 6                           ;
;         3 data inputs ; 30                          ;
;     normal            ; 195                         ;
;         0 data inputs ; 2                           ;
;         1 data inputs ; 14                          ;
;         2 data inputs ; 30                          ;
;         3 data inputs ; 81                          ;
;         4 data inputs ; 68                          ;
;                       ;                             ;
; Max LUT depth         ; 10.10                       ;
; Average LUT depth     ; 5.65                        ;
+-----------------------+-----------------------------+


+-------------------------------+
; Elapsed Time Per Partition    ;
+----------------+--------------+
; Partition Name ; Elapsed Time ;
+----------------+--------------+
; Top            ; 00:00:01     ;
+----------------+--------------+


+-------------------------------+
; Analysis & Synthesis Messages ;
+-------------------------------+
Info: *******************************************************************
Info: Running Quartus Prime Analysis & Synthesis
    Info: Version 18.1.0 Build 625 09/12/2018 SJ Lite Edition
    Info: Processing started: Mon Dec 02 22:27:08 2019
Info: Command: quartus_map --read_settings_files=on --write_settings_files=off vending_machine -c vending_machine
Warning (18236): Number of processors has not been specified which may cause overloading on shared machines.  Set the global assignment NUM_PARALLEL_PROCESSORS in your QSF to an appropriate value for best performance.
Info (20030): Parallel compilation is enabled and will use 2 of the 2 processors detected
Info (12021): Found 1 design units, including 1 entities, in source file vending_machine.v
    Info (12023): Found entity 1: vending_machine File: C:/Users/Psichico/Desktop/Vending_Machine_FPGA/Quartus/vending_machine.v Line: 1
Info (12021): Found 1 design units, including 1 entities, in source file seven_segment.v
    Info (12023): Found entity 1: seven_segment File: C:/Users/Psichico/Desktop/Vending_Machine_FPGA/Quartus/seven_segment.v Line: 3
Info (12021): Found 1 design units, including 1 entities, in source file binary2bcd.v
    Info (12023): Found entity 1: binary2bcd File: C:/Users/Psichico/Desktop/Vending_Machine_FPGA/Quartus/binary2bcd.v Line: 4
Info (12021): Found 1 design units, including 1 entities, in source file debounce.v
    Info (12023): Found entity 1: debounce File: C:/Users/Psichico/Desktop/Vending_Machine_FPGA/Quartus/debounce.v Line: 2
Info (12021): Found 1 design units, including 1 entities, in source file debounce4bit.v
    Info (12023): Found entity 1: debounce4bit File: C:/Users/Psichico/Desktop/Vending_Machine_FPGA/Quartus/debounce4bit.v Line: 3
Info (12021): Found 1 design units, including 1 entities, in source file counter.v
    Info (12023): Found entity 1: counter File: C:/Users/Psichico/Desktop/Vending_Machine_FPGA/Quartus/counter.v Line: 3
Info (12021): Found 1 design units, including 1 entities, in source file keypad.v
    Info (12023): Found entity 1: keypad File: C:/Users/Psichico/Desktop/Vending_Machine_FPGA/Quartus/keypad.v Line: 3
Info (12021): Found 1 design units, including 1 entities, in source file fsm.v
    Info (12023): Found entity 1: fsm File: C:/Users/Psichico/Desktop/Vending_Machine_FPGA/Quartus/fsm.v Line: 2
Warning (10227): Verilog HDL Port Declaration warning at keypad.v(13): data type declaration for "shift_col" declares packed dimensions but the port declaration declaration does not File: C:/Users/Psichico/Desktop/Vending_Machine_FPGA/Quartus/keypad.v Line: 13
Info (10499): HDL info at keypad.v(8): see declaration for object "shift_col" File: C:/Users/Psichico/Desktop/Vending_Machine_FPGA/Quartus/keypad.v Line: 8
Warning (10227): Verilog HDL Port Declaration warning at counter.v(9): data type declaration for "count" declares packed dimensions but the port declaration declaration does not File: C:/Users/Psichico/Desktop/Vending_Machine_FPGA/Quartus/counter.v Line: 9
Info (10499): HDL info at counter.v(7): see declaration for object "count" File: C:/Users/Psichico/Desktop/Vending_Machine_FPGA/Quartus/counter.v Line: 7
Warning (10227): Verilog HDL Port Declaration warning at binary2bcd.v(9): data type declaration for "h" declares packed dimensions but the port declaration declaration does not File: C:/Users/Psichico/Desktop/Vending_Machine_FPGA/Quartus/binary2bcd.v Line: 9
Info (10499): HDL info at binary2bcd.v(7): see declaration for object "h" File: C:/Users/Psichico/Desktop/Vending_Machine_FPGA/Quartus/binary2bcd.v Line: 7
Warning (10227): Verilog HDL Port Declaration warning at binary2bcd.v(9): data type declaration for "t" declares packed dimensions but the port declaration declaration does not File: C:/Users/Psichico/Desktop/Vending_Machine_FPGA/Quartus/binary2bcd.v Line: 9
Info (10499): HDL info at binary2bcd.v(7): see declaration for object "t" File: C:/Users/Psichico/Desktop/Vending_Machine_FPGA/Quartus/binary2bcd.v Line: 7
Warning (10227): Verilog HDL Port Declaration warning at binary2bcd.v(9): data type declaration for "o" declares packed dimensions but the port declaration declaration does not File: C:/Users/Psichico/Desktop/Vending_Machine_FPGA/Quartus/binary2bcd.v Line: 9
Info (10499): HDL info at binary2bcd.v(7): see declaration for object "o" File: C:/Users/Psichico/Desktop/Vending_Machine_FPGA/Quartus/binary2bcd.v Line: 7
Warning (10227): Verilog HDL Port Declaration warning at seven_segment.v(8): data type declaration for "display" declares packed dimensions but the port declaration declaration does not File: C:/Users/Psichico/Desktop/Vending_Machine_FPGA/Quartus/seven_segment.v Line: 8
Info (10499): HDL info at seven_segment.v(6): see declaration for object "display" File: C:/Users/Psichico/Desktop/Vending_Machine_FPGA/Quartus/seven_segment.v Line: 6
Info (12127): Elaborating entity "vending_machine" for the top level hierarchy
Warning (10036): Verilog HDL or VHDL warning at vending_machine.v(49): object "product_taken" assigned a value but never read File: C:/Users/Psichico/Desktop/Vending_Machine_FPGA/Quartus/vending_machine.v Line: 49
Warning (10230): Verilog HDL assignment warning at vending_machine.v(192): truncated value with size 32 to match size of target (8) File: C:/Users/Psichico/Desktop/Vending_Machine_FPGA/Quartus/vending_machine.v Line: 192
Warning (10230): Verilog HDL assignment warning at vending_machine.v(194): truncated value with size 32 to match size of target (8) File: C:/Users/Psichico/Desktop/Vending_Machine_FPGA/Quartus/vending_machine.v Line: 194
Warning (10230): Verilog HDL assignment warning at vending_machine.v(196): truncated value with size 32 to match size of target (8) File: C:/Users/Psichico/Desktop/Vending_Machine_FPGA/Quartus/vending_machine.v Line: 196
Warning (10240): Verilog HDL Always Construct warning at vending_machine.v(93): inferring latch(es) for variable "nstate", which holds its previous value in one or more paths through the always construct File: C:/Users/Psichico/Desktop/Vending_Machine_FPGA/Quartus/vending_machine.v Line: 93
Warning (10240): Verilog HDL Always Construct warning at vending_machine.v(93): inferring latch(es) for variable "view_price", which holds its previous value in one or more paths through the always construct File: C:/Users/Psichico/Desktop/Vending_Machine_FPGA/Quartus/vending_machine.v Line: 93
Warning (10240): Verilog HDL Always Construct warning at vending_machine.v(93): inferring latch(es) for variable "view_quantity", which holds its previous value in one or more paths through the always construct File: C:/Users/Psichico/Desktop/Vending_Machine_FPGA/Quartus/vending_machine.v Line: 93
Warning (10240): Verilog HDL Always Construct warning at vending_machine.v(93): inferring latch(es) for variable "view_price_q", which holds its previous value in one or more paths through the always construct File: C:/Users/Psichico/Desktop/Vending_Machine_FPGA/Quartus/vending_machine.v Line: 93
Warning (10240): Verilog HDL Always Construct warning at vending_machine.v(93): inferring latch(es) for variable "entered_amount", which holds its previous value in one or more paths through the always construct File: C:/Users/Psichico/Desktop/Vending_Machine_FPGA/Quartus/vending_machine.v Line: 93
Warning (10240): Verilog HDL Always Construct warning at vending_machine.v(93): inferring latch(es) for variable "product_select", which holds its previous value in one or more paths through the always construct File: C:/Users/Psichico/Desktop/Vending_Machine_FPGA/Quartus/vending_machine.v Line: 93
Warning (10240): Verilog HDL Always Construct warning at vending_machine.v(93): inferring latch(es) for variable "entered_amount_2", which holds its previous value in one or more paths through the always construct File: C:/Users/Psichico/Desktop/Vending_Machine_FPGA/Quartus/vending_machine.v Line: 93
Warning (10240): Verilog HDL Always Construct warning at vending_machine.v(93): inferring latch(es) for variable "entered_amount_5", which holds its previous value in one or more paths through the always construct File: C:/Users/Psichico/Desktop/Vending_Machine_FPGA/Quartus/vending_machine.v Line: 93
Warning (10240): Verilog HDL Always Construct warning at vending_machine.v(93): inferring latch(es) for variable "entered_amount_10", which holds its previous value in one or more paths through the always construct File: C:/Users/Psichico/Desktop/Vending_Machine_FPGA/Quartus/vending_machine.v Line: 93
Info (10041): Inferred latch for "entered_amount_10[0]" at vending_machine.v(93) File: C:/Users/Psichico/Desktop/Vending_Machine_FPGA/Quartus/vending_machine.v Line: 93
Info (10041): Inferred latch for "entered_amount_10[1]" at vending_machine.v(93) File: C:/Users/Psichico/Desktop/Vending_Machine_FPGA/Quartus/vending_machine.v Line: 93
Info (10041): Inferred latch for "entered_amount_10[2]" at vending_machine.v(93) File: C:/Users/Psichico/Desktop/Vending_Machine_FPGA/Quartus/vending_machine.v Line: 93
Info (10041): Inferred latch for "entered_amount_10[3]" at vending_machine.v(93) File: C:/Users/Psichico/Desktop/Vending_Machine_FPGA/Quartus/vending_machine.v Line: 93
Info (10041): Inferred latch for "entered_amount_10[4]" at vending_machine.v(93) File: C:/Users/Psichico/Desktop/Vending_Machine_FPGA/Quartus/vending_machine.v Line: 93
Info (10041): Inferred latch for "entered_amount_10[5]" at vending_machine.v(93) File: C:/Users/Psichico/Desktop/Vending_Machine_FPGA/Quartus/vending_machine.v Line: 93
Info (10041): Inferred latch for "entered_amount_10[6]" at vending_machine.v(93) File: C:/Users/Psichico/Desktop/Vending_Machine_FPGA/Quartus/vending_machine.v Line: 93
Info (10041): Inferred latch for "entered_amount_10[7]" at vending_machine.v(93) File: C:/Users/Psichico/Desktop/Vending_Machine_FPGA/Quartus/vending_machine.v Line: 93
Info (10041): Inferred latch for "entered_amount_5[0]" at vending_machine.v(93) File: C:/Users/Psichico/Desktop/Vending_Machine_FPGA/Quartus/vending_machine.v Line: 93
Info (10041): Inferred latch for "entered_amount_5[1]" at vending_machine.v(93) File: C:/Users/Psichico/Desktop/Vending_Machine_FPGA/Quartus/vending_machine.v Line: 93
Info (10041): Inferred latch for "entered_amount_5[2]" at vending_machine.v(93) File: C:/Users/Psichico/Desktop/Vending_Machine_FPGA/Quartus/vending_machine.v Line: 93
Info (10041): Inferred latch for "entered_amount_5[3]" at vending_machine.v(93) File: C:/Users/Psichico/Desktop/Vending_Machine_FPGA/Quartus/vending_machine.v Line: 93
Info (10041): Inferred latch for "entered_amount_5[4]" at vending_machine.v(93) File: C:/Users/Psichico/Desktop/Vending_Machine_FPGA/Quartus/vending_machine.v Line: 93
Info (10041): Inferred latch for "entered_amount_5[5]" at vending_machine.v(93) File: C:/Users/Psichico/Desktop/Vending_Machine_FPGA/Quartus/vending_machine.v Line: 93
Info (10041): Inferred latch for "entered_amount_5[6]" at vending_machine.v(93) File: C:/Users/Psichico/Desktop/Vending_Machine_FPGA/Quartus/vending_machine.v Line: 93
Info (10041): Inferred latch for "entered_amount_5[7]" at vending_machine.v(93) File: C:/Users/Psichico/Desktop/Vending_Machine_FPGA/Quartus/vending_machine.v Line: 93
Info (10041): Inferred latch for "entered_amount_2[0]" at vending_machine.v(93) File: C:/Users/Psichico/Desktop/Vending_Machine_FPGA/Quartus/vending_machine.v Line: 93
Info (10041): Inferred latch for "entered_amount_2[1]" at vending_machine.v(93) File: C:/Users/Psichico/Desktop/Vending_Machine_FPGA/Quartus/vending_machine.v Line: 93
Info (10041): Inferred latch for "entered_amount_2[2]" at vending_machine.v(93) File: C:/Users/Psichico/Desktop/Vending_Machine_FPGA/Quartus/vending_machine.v Line: 93
Info (10041): Inferred latch for "entered_amount_2[3]" at vending_machine.v(93) File: C:/Users/Psichico/Desktop/Vending_Machine_FPGA/Quartus/vending_machine.v Line: 93
Info (10041): Inferred latch for "entered_amount_2[4]" at vending_machine.v(93) File: C:/Users/Psichico/Desktop/Vending_Machine_FPGA/Quartus/vending_machine.v Line: 93
Info (10041): Inferred latch for "entered_amount_2[5]" at vending_machine.v(93) File: C:/Users/Psichico/Desktop/Vending_Machine_FPGA/Quartus/vending_machine.v Line: 93
Info (10041): Inferred latch for "entered_amount_2[6]" at vending_machine.v(93) File: C:/Users/Psichico/Desktop/Vending_Machine_FPGA/Quartus/vending_machine.v Line: 93
Info (10041): Inferred latch for "entered_amount_2[7]" at vending_machine.v(93) File: C:/Users/Psichico/Desktop/Vending_Machine_FPGA/Quartus/vending_machine.v Line: 93
Info (10041): Inferred latch for "view_price_q[0]" at vending_machine.v(93) File: C:/Users/Psichico/Desktop/Vending_Machine_FPGA/Quartus/vending_machine.v Line: 93
Info (10041): Inferred latch for "view_price_q[1]" at vending_machine.v(93) File: C:/Users/Psichico/Desktop/Vending_Machine_FPGA/Quartus/vending_machine.v Line: 93
Info (10041): Inferred latch for "view_price_q[2]" at vending_machine.v(93) File: C:/Users/Psichico/Desktop/Vending_Machine_FPGA/Quartus/vending_machine.v Line: 93
Info (10041): Inferred latch for "view_price_q[3]" at vending_machine.v(93) File: C:/Users/Psichico/Desktop/Vending_Machine_FPGA/Quartus/vending_machine.v Line: 93
Info (10041): Inferred latch for "view_price_q[4]" at vending_machine.v(93) File: C:/Users/Psichico/Desktop/Vending_Machine_FPGA/Quartus/vending_machine.v Line: 93
Info (10041): Inferred latch for "view_price_q[5]" at vending_machine.v(93) File: C:/Users/Psichico/Desktop/Vending_Machine_FPGA/Quartus/vending_machine.v Line: 93
Info (10041): Inferred latch for "view_price_q[6]" at vending_machine.v(93) File: C:/Users/Psichico/Desktop/Vending_Machine_FPGA/Quartus/vending_machine.v Line: 93
Info (10041): Inferred latch for "view_price_q[7]" at vending_machine.v(93) File: C:/Users/Psichico/Desktop/Vending_Machine_FPGA/Quartus/vending_machine.v Line: 93
Info (10041): Inferred latch for "view_quantity[0]" at vending_machine.v(93) File: C:/Users/Psichico/Desktop/Vending_Machine_FPGA/Quartus/vending_machine.v Line: 93
Info (10041): Inferred latch for "view_quantity[1]" at vending_machine.v(93) File: C:/Users/Psichico/Desktop/Vending_Machine_FPGA/Quartus/vending_machine.v Line: 93
Info (10041): Inferred latch for "view_quantity[2]" at vending_machine.v(93) File: C:/Users/Psichico/Desktop/Vending_Machine_FPGA/Quartus/vending_machine.v Line: 93
Info (10041): Inferred latch for "view_quantity[3]" at vending_machine.v(93) File: C:/Users/Psichico/Desktop/Vending_Machine_FPGA/Quartus/vending_machine.v Line: 93
Info (10041): Inferred latch for "view_quantity[4]" at vending_machine.v(93) File: C:/Users/Psichico/Desktop/Vending_Machine_FPGA/Quartus/vending_machine.v Line: 93
Info (10041): Inferred latch for "view_quantity[5]" at vending_machine.v(93) File: C:/Users/Psichico/Desktop/Vending_Machine_FPGA/Quartus/vending_machine.v Line: 93
Info (10041): Inferred latch for "view_quantity[6]" at vending_machine.v(93) File: C:/Users/Psichico/Desktop/Vending_Machine_FPGA/Quartus/vending_machine.v Line: 93
Info (10041): Inferred latch for "view_quantity[7]" at vending_machine.v(93) File: C:/Users/Psichico/Desktop/Vending_Machine_FPGA/Quartus/vending_machine.v Line: 93
Info (10041): Inferred latch for "view_price[0]" at vending_machine.v(93) File: C:/Users/Psichico/Desktop/Vending_Machine_FPGA/Quartus/vending_machine.v Line: 93
Info (10041): Inferred latch for "view_price[1]" at vending_machine.v(93) File: C:/Users/Psichico/Desktop/Vending_Machine_FPGA/Quartus/vending_machine.v Line: 93
Info (10041): Inferred latch for "view_price[2]" at vending_machine.v(93) File: C:/Users/Psichico/Desktop/Vending_Machine_FPGA/Quartus/vending_machine.v Line: 93
Info (10041): Inferred latch for "view_price[3]" at vending_machine.v(93) File: C:/Users/Psichico/Desktop/Vending_Machine_FPGA/Quartus/vending_machine.v Line: 93
Info (10041): Inferred latch for "view_price[4]" at vending_machine.v(93) File: C:/Users/Psichico/Desktop/Vending_Machine_FPGA/Quartus/vending_machine.v Line: 93
Info (10041): Inferred latch for "view_price[5]" at vending_machine.v(93) File: C:/Users/Psichico/Desktop/Vending_Machine_FPGA/Quartus/vending_machine.v Line: 93
Info (10041): Inferred latch for "view_price[6]" at vending_machine.v(93) File: C:/Users/Psichico/Desktop/Vending_Machine_FPGA/Quartus/vending_machine.v Line: 93
Info (10041): Inferred latch for "view_price[7]" at vending_machine.v(93) File: C:/Users/Psichico/Desktop/Vending_Machine_FPGA/Quartus/vending_machine.v Line: 93
Info (10041): Inferred latch for "nstate.s6" at vending_machine.v(93) File: C:/Users/Psichico/Desktop/Vending_Machine_FPGA/Quartus/vending_machine.v Line: 93
Info (10041): Inferred latch for "nstate.s5" at vending_machine.v(93) File: C:/Users/Psichico/Desktop/Vending_Machine_FPGA/Quartus/vending_machine.v Line: 93
Info (10041): Inferred latch for "nstate.s4" at vending_machine.v(93) File: C:/Users/Psichico/Desktop/Vending_Machine_FPGA/Quartus/vending_machine.v Line: 93
Info (10041): Inferred latch for "nstate.s3" at vending_machine.v(93) File: C:/Users/Psichico/Desktop/Vending_Machine_FPGA/Quartus/vending_machine.v Line: 93
Info (10041): Inferred latch for "nstate.s2" at vending_machine.v(93) File: C:/Users/Psichico/Desktop/Vending_Machine_FPGA/Quartus/vending_machine.v Line: 93
Info (10041): Inferred latch for "nstate.s1" at vending_machine.v(93) File: C:/Users/Psichico/Desktop/Vending_Machine_FPGA/Quartus/vending_machine.v Line: 93
Info (10041): Inferred latch for "nstate.s0" at vending_machine.v(93) File: C:/Users/Psichico/Desktop/Vending_Machine_FPGA/Quartus/vending_machine.v Line: 93
Info (12128): Elaborating entity "keypad" for hierarchy "keypad:key" File: C:/Users/Psichico/Desktop/Vending_Machine_FPGA/Quartus/vending_machine.v Line: 74
Info (12128): Elaborating entity "debounce4bit" for hierarchy "debounce4bit:bits" File: C:/Users/Psichico/Desktop/Vending_Machine_FPGA/Quartus/vending_machine.v Line: 77
Info (12128): Elaborating entity "debounce" for hierarchy "debounce4bit:bits|debounce:bit0" File: C:/Users/Psichico/Desktop/Vending_Machine_FPGA/Quartus/debounce4bit.v Line: 11
Info (12128): Elaborating entity "counter" for hierarchy "counter:sum" File: C:/Users/Psichico/Desktop/Vending_Machine_FPGA/Quartus/vending_machine.v Line: 78
Info (12128): Elaborating entity "binary2bcd" for hierarchy "binary2bcd:B2D1" File: C:/Users/Psichico/Desktop/Vending_Machine_FPGA/Quartus/vending_machine.v Line: 80
Warning (10230): Verilog HDL assignment warning at binary2bcd.v(19): truncated value with size 32 to match size of target (4) File: C:/Users/Psichico/Desktop/Vending_Machine_FPGA/Quartus/binary2bcd.v Line: 19
Info (12128): Elaborating entity "seven_segment" for hierarchy "seven_segment:segment0" File: C:/Users/Psichico/Desktop/Vending_Machine_FPGA/Quartus/vending_machine.v Line: 81
Info (278001): Inferred 1 megafunctions from design logic
    Info (278003): Inferred multiplier megafunction ("lpm_mult") from the following logic: "Mult0" File: C:/Users/Psichico/Desktop/Vending_Machine_FPGA/Quartus/vending_machine.v Line: 179
Info (12130): Elaborated megafunction instantiation "lpm_mult:Mult0" File: C:/Users/Psichico/Desktop/Vending_Machine_FPGA/Quartus/vending_machine.v Line: 179
Info (12133): Instantiated megafunction "lpm_mult:Mult0" with the following parameter: File: C:/Users/Psichico/Desktop/Vending_Machine_FPGA/Quartus/vending_machine.v Line: 179
    Info (12134): Parameter "LPM_WIDTHA" = "8"
    Info (12134): Parameter "LPM_WIDTHB" = "4"
    Info (12134): Parameter "LPM_WIDTHP" = "12"
    Info (12134): Parameter "LPM_WIDTHR" = "12"
    Info (12134): Parameter "LPM_WIDTHS" = "1"
    Info (12134): Parameter "LPM_REPRESENTATION" = "UNSIGNED"
    Info (12134): Parameter "INPUT_A_IS_CONSTANT" = "NO"
    Info (12134): Parameter "INPUT_B_IS_CONSTANT" = "NO"
    Info (12134): Parameter "MAXIMIZE_SPEED" = "5"
Info (12021): Found 1 design units, including 1 entities, in source file db/mult_oks.tdf
    Info (12023): Found entity 1: mult_oks File: C:/Users/Psichico/Desktop/Vending_Machine_FPGA/Quartus/db/mult_oks.tdf Line: 28
Warning (14284): Synthesized away the following node(s):
    Warning (14285): Synthesized away the following LCELL buffer node(s):
        Warning (14320): Synthesized away node "lpm_mult:Mult0|mult_oks:auto_generated|le3a[9]" File: C:/Users/Psichico/Desktop/Vending_Machine_FPGA/Quartus/db/mult_oks.tdf Line: 40
        Warning (14320): Synthesized away node "lpm_mult:Mult0|mult_oks:auto_generated|le5a[8]" File: C:/Users/Psichico/Desktop/Vending_Machine_FPGA/Quartus/db/mult_oks.tdf Line: 42
        Warning (14320): Synthesized away node "lpm_mult:Mult0|mult_oks:auto_generated|le5a[4]" File: C:/Users/Psichico/Desktop/Vending_Machine_FPGA/Quartus/db/mult_oks.tdf Line: 42
Warning (14284): Synthesized away the following node(s):
    Warning (14285): Synthesized away the following LCELL buffer node(s):
        Warning (14320): Synthesized away node "lpm_mult:Mult0|mult_oks:auto_generated|le3a[8]" File: C:/Users/Psichico/Desktop/Vending_Machine_FPGA/Quartus/db/mult_oks.tdf Line: 40
        Warning (14320): Synthesized away node "lpm_mult:Mult0|mult_oks:auto_generated|le4a[9]" File: C:/Users/Psichico/Desktop/Vending_Machine_FPGA/Quartus/db/mult_oks.tdf Line: 41
        Warning (14320): Synthesized away node "lpm_mult:Mult0|mult_oks:auto_generated|le4a[8]" File: C:/Users/Psichico/Desktop/Vending_Machine_FPGA/Quartus/db/mult_oks.tdf Line: 41
        Warning (14320): Synthesized away node "lpm_mult:Mult0|mult_oks:auto_generated|le4a[7]" File: C:/Users/Psichico/Desktop/Vending_Machine_FPGA/Quartus/db/mult_oks.tdf Line: 41
        Warning (14320): Synthesized away node "lpm_mult:Mult0|mult_oks:auto_generated|le4a[6]" File: C:/Users/Psichico/Desktop/Vending_Machine_FPGA/Quartus/db/mult_oks.tdf Line: 41
        Warning (14320): Synthesized away node "lpm_mult:Mult0|mult_oks:auto_generated|le5a[7]" File: C:/Users/Psichico/Desktop/Vending_Machine_FPGA/Quartus/db/mult_oks.tdf Line: 42
        Warning (14320): Synthesized away node "lpm_mult:Mult0|mult_oks:auto_generated|le5a[6]" File: C:/Users/Psichico/Desktop/Vending_Machine_FPGA/Quartus/db/mult_oks.tdf Line: 42
        Warning (14320): Synthesized away node "lpm_mult:Mult0|mult_oks:auto_generated|le5a[5]" File: C:/Users/Psichico/Desktop/Vending_Machine_FPGA/Quartus/db/mult_oks.tdf Line: 42
Info (13014): Ignored 44 buffer(s)
    Info (13016): Ignored 4 CARRY_SUM buffer(s)
    Info (13019): Ignored 40 SOFT buffer(s)
Warning (13012): Latch view_price[3] has unsafe behavior File: C:/Users/Psichico/Desktop/Vending_Machine_FPGA/Quartus/vending_machine.v Line: 93
    Warning (13013): Ports D and ENA on the latch are fed by the same signal state.s1 File: C:/Users/Psichico/Desktop/Vending_Machine_FPGA/Quartus/vending_machine.v Line: 45
Warning (13012): Latch view_price[2] has unsafe behavior File: C:/Users/Psichico/Desktop/Vending_Machine_FPGA/Quartus/vending_machine.v Line: 93
    Warning (13013): Ports D and ENA on the latch are fed by the same signal state.s1 File: C:/Users/Psichico/Desktop/Vending_Machine_FPGA/Quartus/vending_machine.v Line: 45
Warning (13012): Latch view_price[1] has unsafe behavior File: C:/Users/Psichico/Desktop/Vending_Machine_FPGA/Quartus/vending_machine.v Line: 93
    Warning (13013): Ports D and ENA on the latch are fed by the same signal state.s1 File: C:/Users/Psichico/Desktop/Vending_Machine_FPGA/Quartus/vending_machine.v Line: 45
Warning (13012): Latch view_price[0] has unsafe behavior File: C:/Users/Psichico/Desktop/Vending_Machine_FPGA/Quartus/vending_machine.v Line: 93
    Warning (13013): Ports D and ENA on the latch are fed by the same signal state.s1 File: C:/Users/Psichico/Desktop/Vending_Machine_FPGA/Quartus/vending_machine.v Line: 45
Warning (13012): Latch nstate.s1_1524 has unsafe behavior File: C:/Users/Psichico/Desktop/Vending_Machine_FPGA/Quartus/vending_machine.v Line: 93
    Warning (13013): Ports D and ENA on the latch are fed by the same signal state.s5 File: C:/Users/Psichico/Desktop/Vending_Machine_FPGA/Quartus/vending_machine.v Line: 45
Warning (13012): Latch nstate.s0_1551 has unsafe behavior File: C:/Users/Psichico/Desktop/Vending_Machine_FPGA/Quartus/vending_machine.v Line: 93
    Warning (13013): Ports D and ENA on the latch are fed by the same signal state.s6 File: C:/Users/Psichico/Desktop/Vending_Machine_FPGA/Quartus/vending_machine.v Line: 45
Warning (13012): Latch view_price_q[0] has unsafe behavior File: C:/Users/Psichico/Desktop/Vending_Machine_FPGA/Quartus/vending_machine.v Line: 93
    Warning (13013): Ports D and ENA on the latch are fed by the same signal state.s4 File: C:/Users/Psichico/Desktop/Vending_Machine_FPGA/Quartus/vending_machine.v Line: 45
Warning (13012): Latch view_price_q[1] has unsafe behavior File: C:/Users/Psichico/Desktop/Vending_Machine_FPGA/Quartus/vending_machine.v Line: 93
    Warning (13013): Ports D and ENA on the latch are fed by the same signal state.s4 File: C:/Users/Psichico/Desktop/Vending_Machine_FPGA/Quartus/vending_machine.v Line: 45
Warning (13012): Latch view_price_q[2] has unsafe behavior File: C:/Users/Psichico/Desktop/Vending_Machine_FPGA/Quartus/vending_machine.v Line: 93
    Warning (13013): Ports D and ENA on the latch are fed by the same signal state.s4 File: C:/Users/Psichico/Desktop/Vending_Machine_FPGA/Quartus/vending_machine.v Line: 45
Warning (13012): Latch view_price_q[3] has unsafe behavior File: C:/Users/Psichico/Desktop/Vending_Machine_FPGA/Quartus/vending_machine.v Line: 93
    Warning (13013): Ports D and ENA on the latch are fed by the same signal state.s4 File: C:/Users/Psichico/Desktop/Vending_Machine_FPGA/Quartus/vending_machine.v Line: 45
Warning (13012): Latch view_price_q[4] has unsafe behavior File: C:/Users/Psichico/Desktop/Vending_Machine_FPGA/Quartus/vending_machine.v Line: 93
    Warning (13013): Ports D and ENA on the latch are fed by the same signal state.s4 File: C:/Users/Psichico/Desktop/Vending_Machine_FPGA/Quartus/vending_machine.v Line: 45
Warning (13012): Latch view_price_q[5] has unsafe behavior File: C:/Users/Psichico/Desktop/Vending_Machine_FPGA/Quartus/vending_machine.v Line: 93
    Warning (13013): Ports D and ENA on the latch are fed by the same signal state.s4 File: C:/Users/Psichico/Desktop/Vending_Machine_FPGA/Quartus/vending_machine.v Line: 45
Warning (13012): Latch view_price_q[6] has unsafe behavior File: C:/Users/Psichico/Desktop/Vending_Machine_FPGA/Quartus/vending_machine.v Line: 93
    Warning (13013): Ports D and ENA on the latch are fed by the same signal state.s4 File: C:/Users/Psichico/Desktop/Vending_Machine_FPGA/Quartus/vending_machine.v Line: 45
Warning (13012): Latch view_price_q[7] has unsafe behavior File: C:/Users/Psichico/Desktop/Vending_Machine_FPGA/Quartus/vending_machine.v Line: 93
    Warning (13013): Ports D and ENA on the latch are fed by the same signal state.s4 File: C:/Users/Psichico/Desktop/Vending_Machine_FPGA/Quartus/vending_machine.v Line: 45
Warning (13012): Latch nstate.s5_1416 has unsafe behavior File: C:/Users/Psichico/Desktop/Vending_Machine_FPGA/Quartus/vending_machine.v Line: 93
    Warning (13013): Ports D and ENA on the latch are fed by the same signal state.s4 File: C:/Users/Psichico/Desktop/Vending_Machine_FPGA/Quartus/vending_machine.v Line: 45
Warning (13012): Latch nstate.s4_1443 has unsafe behavior File: C:/Users/Psichico/Desktop/Vending_Machine_FPGA/Quartus/vending_machine.v Line: 93
    Warning (13013): Ports D and ENA on the latch are fed by the same signal state.s3 File: C:/Users/Psichico/Desktop/Vending_Machine_FPGA/Quartus/vending_machine.v Line: 45
Warning (13012): Latch nstate.s3_1470 has unsafe behavior File: C:/Users/Psichico/Desktop/Vending_Machine_FPGA/Quartus/vending_machine.v Line: 93
    Warning (13013): Ports D and ENA on the latch are fed by the same signal state.s2 File: C:/Users/Psichico/Desktop/Vending_Machine_FPGA/Quartus/vending_machine.v Line: 45
Warning (13012): Latch nstate.s2_1497 has unsafe behavior File: C:/Users/Psichico/Desktop/Vending_Machine_FPGA/Quartus/vending_machine.v Line: 93
    Warning (13013): Ports D and ENA on the latch are fed by the same signal state.s1 File: C:/Users/Psichico/Desktop/Vending_Machine_FPGA/Quartus/vending_machine.v Line: 45
Warning (13012): Latch nstate.s6_1389 has unsafe behavior File: C:/Users/Psichico/Desktop/Vending_Machine_FPGA/Quartus/vending_machine.v Line: 93
    Warning (13013): Ports D and ENA on the latch are fed by the same signal state.s5 File: C:/Users/Psichico/Desktop/Vending_Machine_FPGA/Quartus/vending_machine.v Line: 45
Warning (13012): Latch view_quantity[0] has unsafe behavior File: C:/Users/Psichico/Desktop/Vending_Machine_FPGA/Quartus/vending_machine.v Line: 93
    Warning (13013): Ports D and ENA on the latch are fed by the same signal state.s3 File: C:/Users/Psichico/Desktop/Vending_Machine_FPGA/Quartus/vending_machine.v Line: 45
Warning (13012): Latch view_quantity[1] has unsafe behavior File: C:/Users/Psichico/Desktop/Vending_Machine_FPGA/Quartus/vending_machine.v Line: 93
    Warning (13013): Ports D and ENA on the latch are fed by the same signal state.s3 File: C:/Users/Psichico/Desktop/Vending_Machine_FPGA/Quartus/vending_machine.v Line: 45
Warning (13012): Latch view_quantity[2] has unsafe behavior File: C:/Users/Psichico/Desktop/Vending_Machine_FPGA/Quartus/vending_machine.v Line: 93
    Warning (13013): Ports D and ENA on the latch are fed by the same signal state.s3 File: C:/Users/Psichico/Desktop/Vending_Machine_FPGA/Quartus/vending_machine.v Line: 45
Warning (13012): Latch view_quantity[3] has unsafe behavior File: C:/Users/Psichico/Desktop/Vending_Machine_FPGA/Quartus/vending_machine.v Line: 93
    Warning (13013): Ports D and ENA on the latch are fed by the same signal state.s3 File: C:/Users/Psichico/Desktop/Vending_Machine_FPGA/Quartus/vending_machine.v Line: 45
Warning (13012): Latch view_quantity[4] has unsafe behavior File: C:/Users/Psichico/Desktop/Vending_Machine_FPGA/Quartus/vending_machine.v Line: 93
    Warning (13013): Ports D and ENA on the latch are fed by the same signal state.s3 File: C:/Users/Psichico/Desktop/Vending_Machine_FPGA/Quartus/vending_machine.v Line: 45
Warning (13012): Latch view_quantity[5] has unsafe behavior File: C:/Users/Psichico/Desktop/Vending_Machine_FPGA/Quartus/vending_machine.v Line: 93
    Warning (13013): Ports D and ENA on the latch are fed by the same signal state.s3 File: C:/Users/Psichico/Desktop/Vending_Machine_FPGA/Quartus/vending_machine.v Line: 45
Warning (13012): Latch view_quantity[6] has unsafe behavior File: C:/Users/Psichico/Desktop/Vending_Machine_FPGA/Quartus/vending_machine.v Line: 93
    Warning (13013): Ports D and ENA on the latch are fed by the same signal state.s3 File: C:/Users/Psichico/Desktop/Vending_Machine_FPGA/Quartus/vending_machine.v Line: 45
Warning (13012): Latch view_quantity[7] has unsafe behavior File: C:/Users/Psichico/Desktop/Vending_Machine_FPGA/Quartus/vending_machine.v Line: 93
    Warning (13013): Ports D and ENA on the latch are fed by the same signal state.s3 File: C:/Users/Psichico/Desktop/Vending_Machine_FPGA/Quartus/vending_machine.v Line: 45
Warning (13024): Output pins are stuck at VCC or GND
    Warning (13410): Pin "D1[1]" is stuck at GND File: C:/Users/Psichico/Desktop/Vending_Machine_FPGA/Quartus/vending_machine.v Line: 6
    Warning (13410): Pin "D1[2]" is stuck at GND File: C:/Users/Psichico/Desktop/Vending_Machine_FPGA/Quartus/vending_machine.v Line: 6
    Warning (13410): Pin "D1[6]" is stuck at VCC File: C:/Users/Psichico/Desktop/Vending_Machine_FPGA/Quartus/vending_machine.v Line: 6
Info (286030): Timing-Driven Synthesis is running
Info (17049): 3 registers lost all their fanouts during netlist optimizations.
Info (16010): Generating hard_block partition "hard_block:auto_generated_inst"
    Info (16011): Adding 0 node(s), including 0 DDIO, 0 PLL, 0 transceiver and 0 LCELL
Info (21057): Implemented 273 device resources after synthesis - the final resource count might be different
    Info (21058): Implemented 6 input pins
    Info (21059): Implemented 25 output pins
    Info (21061): Implemented 242 logic cells
Info: Quartus Prime Analysis & Synthesis was successful. 0 errors, 94 warnings
    Info: Peak virtual memory: 4762 megabytes
    Info: Processing ended: Mon Dec 02 22:27:33 2019
    Info: Elapsed time: 00:00:25
    Info: Total CPU time (on all processors): 00:00:54


